2026/01/28 23:30:56 [notice] 1#1: using the "epoll" event method
2026/01/28 23:30:56 [notice] 1#1: nginx/1.27.5
2026/01/28 23:30:56 [notice] 1#1: built by gcc 14.2.0 (Alpine 14.2.0) 
2026/01/28 23:30:56 [notice] 1#1: OS: Linux 6.6.87.2-microsoft-standard-WSL2
2026/01/28 23:30:56 [notice] 1#1: getrlimit(RLIMIT_NOFILE): 1048576:1048576
2026/01/28 23:30:56 [notice] 1#1: start worker processes
2026/01/28 23:30:56 [notice] 1#1: start worker process 30
2026/01/28 23:30:56 [notice] 1#1: start worker process 31
2026/01/28 23:30:56 [notice] 1#1: start worker process 32
2026/01/28 23:30:56 [notice] 1#1: start worker process 33
2026/01/28 23:30:56 [notice] 1#1: start worker process 34
2026/01/28 23:30:56 [notice] 1#1: start worker process 35
2026/01/28 23:30:56 [notice] 1#1: start worker process 36
2026/01/28 23:30:56 [notice] 1#1: start worker process 37
2026/01/28 23:33:26 [notice] 1#1: signal 3 (SIGQUIT) received, shutting down
2026/01/28 23:33:26 [notice] 32#32: gracefully shutting down
2026/01/28 23:33:26 [notice] 33#33: gracefully shutting down
2026/01/28 23:33:26 [notice] 31#31: gracefully shutting down
2026/01/28 23:33:26 [notice] 35#35: gracefully shutting down
2026/01/28 23:33:26 [notice] 36#36: gracefully shutting down
2026/01/28 23:33:26 [notice] 36#36: exiting
2026/01/28 23:33:26 [notice] 31#31: exiting
2026/01/28 23:33:26 [notice] 30#30: gracefully shutting down
2026/01/28 23:33:26 [notice] 37#37: gracefully shutting down
2026/01/28 23:33:26 [notice] 32#32: exiting
2026/01/28 23:33:26 [notice] 35#35: exiting
2026/01/28 23:33:26 [notice] 32#32: exit
2026/01/28 23:33:26 [notice] 34#34: gracefully shutting down
2026/01/28 23:33:26 [notice] 33#33: exiting
2026/01/28 23:33:26 [notice] 34#34: exiting
2026/01/28 23:33:26 [notice] 34#34: exit
2026/01/28 23:33:26 [notice] 36#36: exit
2026/01/28 23:33:26 [notice] 31#31: exit
2026/01/28 23:33:26 [notice] 30#30: exiting
2026/01/28 23:33:26 [notice] 30#30: exit
2026/01/28 23:33:26 [notice] 35#35: exit
2026/01/28 23:33:26 [notice] 37#37: exiting
2026/01/28 23:33:26 [notice] 33#33: exit
2026/01/28 23:33:26 [notice] 37#37: exit
2026/01/28 23:33:26 [notice] 1#1: signal 17 (SIGCHLD) received from 31
2026/01/28 23:33:26 [notice] 1#1: worker process 31 exited with code 0
2026/01/28 23:33:26 [notice] 1#1: signal 29 (SIGIO) received
2026/01/28 23:33:26 [notice] 1#1: signal 17 (SIGCHLD) received from 34
2026/01/28 23:33:26 [notice] 1#1: worker process 30 exited with code 0
2026/01/28 23:33:26 [notice] 1#1: worker process 32 exited with code 0
2026/01/28 23:33:26 [notice] 1#1: worker process 34 exited with code 0
2026/01/28 23:33:26 [notice] 1#1: signal 29 (SIGIO) received
2026/01/28 23:33:26 [notice] 1#1: signal 17 (SIGCHLD) received from 36
2026/01/28 23:33:26 [notice] 1#1: worker process 36 exited with code 0
2026/01/28 23:33:26 [notice] 1#1: signal 29 (SIGIO) received
2026/01/28 23:33:26 [notice] 1#1: signal 17 (SIGCHLD) received from 35
2026/01/28 23:33:26 [notice] 1#1: worker process 35 exited with code 0
2026/01/28 23:33:26 [notice] 1#1: signal 29 (SIGIO) received
2026/01/28 23:33:26 [notice] 1#1: signal 17 (SIGCHLD) received from 33
2026/01/28 23:33:26 [notice] 1#1: worker process 33 exited with code 0
2026/01/28 23:33:26 [notice] 1#1: worker process 37 exited with code 0
2026/01/28 23:33:26 [notice] 1#1: exit
2026/01/28 23:39:33 [notice] 1#1: using the "epoll" event method
2026/01/28 23:39:33 [notice] 1#1: nginx/1.27.5
2026/01/28 23:39:33 [notice] 1#1: built by gcc 14.2.0 (Alpine 14.2.0) 
2026/01/28 23:39:33 [notice] 1#1: OS: Linux 6.6.87.2-microsoft-standard-WSL2
2026/01/28 23:39:33 [notice] 1#1: getrlimit(RLIMIT_NOFILE): 1048576:1048576
2026/01/28 23:39:33 [notice] 1#1: start worker processes
2026/01/28 23:39:33 [notice] 1#1: start worker process 30
2026/01/28 23:39:33 [notice] 1#1: start worker process 31
2026/01/28 23:39:33 [notice] 1#1: start worker process 32
2026/01/28 23:39:33 [notice] 1#1: start worker process 33
2026/01/28 23:39:33 [notice] 1#1: start worker process 34
2026/01/28 23:39:33 [notice] 1#1: start worker process 35
2026/01/28 23:39:33 [notice] 1#1: start worker process 36
2026/01/28 23:39:33 [notice] 1#1: start worker process 37
2026/01/28 23:42:06 [notice] 1#1: signal 3 (SIGQUIT) received, shutting down
2026/01/28 23:42:06 [notice] 30#30: gracefully shutting down
2026/01/28 23:42:06 [notice] 32#32: gracefully shutting down
2026/01/28 23:42:06 [notice] 30#30: exiting
2026/01/28 23:42:06 [notice] 37#37: gracefully shutting down
2026/01/28 23:42:06 [notice] 36#36: gracefully shutting down
2026/01/28 23:42:06 [notice] 31#31: gracefully shutting down
2026/01/28 23:42:06 [notice] 37#37: exiting
2026/01/28 23:42:06 [notice] 35#35: gracefully shutting down
2026/01/28 23:42:06 [notice] 34#34: gracefully shutting down
2026/01/28 23:42:06 [notice] 33#33: gracefully shutting down
2026/01/28 23:42:06 [notice] 30#30: exit
2026/01/28 23:42:06 [notice] 36#36: exiting
2026/01/28 23:42:06 [notice] 32#32: exiting
2026/01/28 23:42:06 [notice] 37#37: exit
2026/01/28 23:42:06 [notice] 31#31: exiting
2026/01/28 23:42:06 [notice] 35#35: exiting
2026/01/28 23:42:06 [notice] 34#34: exiting
2026/01/28 23:42:06 [notice] 34#34: exit
2026/01/28 23:42:06 [notice] 31#31: exit
2026/01/28 23:42:06 [notice] 33#33: exiting
2026/01/28 23:42:06 [notice] 32#32: exit
2026/01/28 23:42:06 [notice] 36#36: exit
2026/01/28 23:42:06 [notice] 35#35: exit
2026/01/28 23:42:06 [notice] 33#33: exit
2026/01/28 23:42:06 [notice] 1#1: signal 17 (SIGCHLD) received from 37
2026/01/28 23:42:06 [notice] 1#1: worker process 30 exited with code 0
2026/01/28 23:42:06 [notice] 1#1: worker process 31 exited with code 0
2026/01/28 23:42:06 [notice] 1#1: worker process 32 exited with code 0
2026/01/28 23:42:06 [notice] 1#1: worker process 33 exited with code 0
2026/01/28 23:42:06 [notice] 1#1: worker process 34 exited with code 0
2026/01/28 23:42:06 [notice] 1#1: worker process 35 exited with code 0
2026/01/28 23:42:06 [notice] 1#1: worker process 36 exited with code 0
2026/01/28 23:42:06 [notice] 1#1: worker process 37 exited with code 0
2026/01/28 23:42:06 [notice] 1#1: exit
2026/01/28 23:42:46 [notice] 1#1: using the "epoll" event method
2026/01/28 23:42:46 [notice] 1#1: nginx/1.27.5
2026/01/28 23:42:46 [notice] 1#1: built by gcc 14.2.0 (Alpine 14.2.0) 
2026/01/28 23:42:46 [notice] 1#1: OS: Linux 6.6.87.2-microsoft-standard-WSL2
2026/01/28 23:42:46 [notice] 1#1: getrlimit(RLIMIT_NOFILE): 1048576:1048576
2026/01/28 23:42:46 [notice] 1#1: start worker processes
2026/01/28 23:42:46 [notice] 1#1: start worker process 30
2026/01/28 23:42:46 [notice] 1#1: start worker process 31
2026/01/28 23:42:46 [notice] 1#1: start worker process 32
2026/01/28 23:42:46 [notice] 1#1: start worker process 33
2026/01/28 23:42:46 [notice] 1#1: start worker process 34
2026/01/28 23:42:46 [notice] 1#1: start worker process 35
2026/01/28 23:42:46 [notice] 1#1: start worker process 36
2026/01/28 23:42:46 [notice] 1#1: start worker process 37
2026/01/28 23:45:11 [notice] 1#1: signal 3 (SIGQUIT) received, shutting down
2026/01/28 23:45:11 [notice] 31#31: gracefully shutting down
2026/01/28 23:45:11 [notice] 35#35: gracefully shutting down
2026/01/28 23:45:11 [notice] 31#31: exiting
2026/01/28 23:45:11 [notice] 36#36: gracefully shutting down
2026/01/28 23:45:11 [notice] 30#30: gracefully shutting down
2026/01/28 23:45:11 [notice] 37#37: gracefully shutting down
2026/01/28 23:45:11 [notice] 37#37: exiting
2026/01/28 23:45:11 [notice] 34#34: gracefully shutting down
2026/01/28 23:45:11 [notice] 34#34: exiting
2026/01/28 23:45:11 [notice] 33#33: gracefully shutting down
2026/01/28 23:45:11 [notice] 33#33: exiting
2026/01/28 23:45:11 [notice] 32#32: gracefully shutting down
2026/01/28 23:45:11 [notice] 32#32: exiting
2026/01/28 23:45:11 [notice] 35#35: exiting
2026/01/28 23:45:11 [notice] 31#31: exit
2026/01/28 23:45:11 [notice] 36#36: exiting
2026/01/28 23:45:11 [notice] 36#36: exit
2026/01/28 23:45:11 [notice] 30#30: exiting
2026/01/28 23:45:11 [notice] 30#30: exit
2026/01/28 23:45:11 [notice] 37#37: exit
2026/01/28 23:45:11 [notice] 34#34: exit
2026/01/28 23:45:11 [notice] 33#33: exit
2026/01/28 23:45:11 [notice] 32#32: exit
2026/01/28 23:45:11 [notice] 35#35: exit
2026/01/28 23:45:11 [notice] 1#1: signal 17 (SIGCHLD) received from 30
2026/01/28 23:45:11 [notice] 1#1: worker process 30 exited with code 0
2026/01/28 23:45:11 [notice] 1#1: worker process 31 exited with code 0
2026/01/28 23:45:11 [notice] 1#1: signal 29 (SIGIO) received
2026/01/28 23:45:11 [notice] 1#1: signal 17 (SIGCHLD) received from 36
2026/01/28 23:45:11 [notice] 1#1: worker process 36 exited with code 0
2026/01/28 23:45:11 [notice] 1#1: signal 29 (SIGIO) received
2026/01/28 23:45:11 [notice] 1#1: signal 17 (SIGCHLD) received from 32
2026/01/28 23:45:11 [notice] 1#1: worker process 32 exited with code 0
2026/01/28 23:45:11 [notice] 1#1: signal 29 (SIGIO) received
2026/01/28 23:45:11 [notice] 1#1: signal 17 (SIGCHLD) received from 33
2026/01/28 23:45:11 [notice] 1#1: worker process 33 exited with code 0
2026/01/28 23:45:11 [notice] 1#1: worker process 37 exited with code 0
2026/01/28 23:45:11 [notice] 1#1: worker process 34 exited with code 0
2026/01/28 23:45:11 [notice] 1#1: worker process 35 exited with code 0
2026/01/28 23:45:11 [notice] 1#1: exit
2026/01/28 23:45:39 [notice] 1#1: using the "epoll" event method
2026/01/28 23:45:39 [notice] 1#1: nginx/1.27.5
2026/01/28 23:45:39 [notice] 1#1: built by gcc 14.2.0 (Alpine 14.2.0) 
2026/01/28 23:45:39 [notice] 1#1: OS: Linux 6.6.87.2-microsoft-standard-WSL2
2026/01/28 23:45:39 [notice] 1#1: getrlimit(RLIMIT_NOFILE): 1048576:1048576
2026/01/28 23:45:39 [notice] 1#1: start worker processes
2026/01/28 23:45:39 [notice] 1#1: start worker process 30
2026/01/28 23:45:39 [notice] 1#1: start worker process 31
2026/01/28 23:45:39 [notice] 1#1: start worker process 32
2026/01/28 23:45:39 [notice] 1#1: start worker process 33
2026/01/28 23:45:39 [notice] 1#1: start worker process 34
2026/01/28 23:45:39 [notice] 1#1: start worker process 35
2026/01/28 23:45:39 [notice] 1#1: start worker process 36
2026/01/28 23:45:39 [notice] 1#1: start worker process 37
2026/01/28 23:48:36 [notice] 1#1: signal 3 (SIGQUIT) received, shutting down
2026/01/28 23:48:36 [notice] 34#34: gracefully shutting down
2026/01/28 23:48:36 [notice] 32#32: gracefully shutting down
2026/01/28 23:48:36 [notice] 35#35: gracefully shutting down
2026/01/28 23:48:36 [notice] 37#37: gracefully shutting down
2026/01/28 23:48:36 [notice] 32#32: exiting
2026/01/28 23:48:36 [notice] 33#33: gracefully shutting down
2026/01/28 23:48:36 [notice] 37#37: exiting
2026/01/28 23:48:36 [notice] 31#31: gracefully shutting down
2026/01/28 23:48:36 [notice] 30#30: gracefully shutting down
2026/01/28 23:48:36 [notice] 36#36: gracefully shutting down
2026/01/28 23:48:36 [notice] 34#34: exiting
2026/01/28 23:48:36 [notice] 34#34: exit
2026/01/28 23:48:36 [notice] 33#33: exiting
2026/01/28 23:48:36 [notice] 32#32: exit
2026/01/28 23:48:36 [notice] 36#36: exiting
2026/01/28 23:48:36 [notice] 37#37: exit
2026/01/28 23:48:36 [notice] 35#35: exiting
2026/01/28 23:48:36 [notice] 31#31: exiting
2026/01/28 23:48:36 [notice] 33#33: exit
2026/01/28 23:48:36 [notice] 30#30: exiting
2026/01/28 23:48:36 [notice] 30#30: exit
2026/01/28 23:48:36 [notice] 36#36: exit
2026/01/28 23:48:36 [notice] 35#35: exit
2026/01/28 23:48:36 [notice] 31#31: exit
2026/01/28 23:48:36 [notice] 1#1: signal 17 (SIGCHLD) received from 32
2026/01/28 23:48:36 [notice] 1#1: worker process 30 exited with code 0
2026/01/28 23:48:36 [notice] 1#1: worker process 32 exited with code 0
2026/01/28 23:48:36 [notice] 1#1: worker process 33 exited with code 0
2026/01/28 23:48:36 [notice] 1#1: worker process 37 exited with code 0
2026/01/28 23:48:36 [notice] 1#1: signal 29 (SIGIO) received
2026/01/28 23:48:36 [notice] 1#1: signal 17 (SIGCHLD) received from 30
2026/01/28 23:48:36 [notice] 1#1: signal 17 (SIGCHLD) received from 31
2026/01/28 23:48:36 [notice] 1#1: worker process 31 exited with code 0
2026/01/28 23:48:36 [notice] 1#1: signal 29 (SIGIO) received
2026/01/28 23:48:36 [notice] 1#1: signal 17 (SIGCHLD) received from 34
2026/01/28 23:48:36 [notice] 1#1: worker process 34 exited with code 0
2026/01/28 23:48:36 [notice] 1#1: worker process 35 exited with code 0
2026/01/28 23:48:36 [notice] 1#1: worker process 36 exited with code 0
2026/01/28 23:48:36 [notice] 1#1: exit
2026/01/28 23:49:05 [notice] 1#1: using the "epoll" event method
2026/01/28 23:49:05 [notice] 1#1: nginx/1.27.5
2026/01/28 23:49:05 [notice] 1#1: built by gcc 14.2.0 (Alpine 14.2.0) 
2026/01/28 23:49:05 [notice] 1#1: OS: Linux 6.6.87.2-microsoft-standard-WSL2
2026/01/28 23:49:05 [notice] 1#1: getrlimit(RLIMIT_NOFILE): 1048576:1048576
2026/01/28 23:49:05 [notice] 1#1: start worker processes
2026/01/28 23:49:05 [notice] 1#1: start worker process 30
2026/01/28 23:49:05 [notice] 1#1: start worker process 31
2026/01/28 23:49:05 [notice] 1#1: start worker process 32
2026/01/28 23:49:05 [notice] 1#1: start worker process 33
2026/01/28 23:49:05 [notice] 1#1: start worker process 34
2026/01/28 23:49:05 [notice] 1#1: start worker process 35
2026/01/28 23:49:05 [notice] 1#1: start worker process 36
2026/01/28 23:49:05 [notice] 1#1: start worker process 37
2026/01/29 00:28:19 [notice] 1#1: signal 3 (SIGQUIT) received, shutting down
2026/01/29 00:28:19 [notice] 31#31: gracefully shutting down
2026/01/29 00:28:19 [notice] 30#30: gracefully shutting down
2026/01/29 00:28:19 [notice] 33#33: gracefully shutting down
2026/01/29 00:28:19 [notice] 35#35: gracefully shutting down
2026/01/29 00:28:19 [notice] 35#35: exiting
2026/01/29 00:28:19 [notice] 30#30: exiting
2026/01/29 00:28:19 [notice] 32#32: gracefully shutting down
2026/01/29 00:28:19 [notice] 34#34: gracefully shutting down
2026/01/29 00:28:19 [notice] 36#36: gracefully shutting down
2026/01/29 00:28:19 [notice] 31#31: exiting
2026/01/29 00:28:19 [notice] 33#33: exiting
2026/01/29 00:28:19 [notice] 37#37: gracefully shutting down
2026/01/29 00:28:19 [notice] 34#34: exiting
2026/01/29 00:28:19 [notice] 31#31: exit
2026/01/29 00:28:19 [notice] 36#36: exiting
2026/01/29 00:28:19 [notice] 32#32: exiting
2026/01/29 00:28:19 [notice] 35#35: exit
2026/01/29 00:28:19 [notice] 33#33: exit
2026/01/29 00:28:19 [notice] 34#34: exit
2026/01/29 00:28:19 [notice] 32#32: exit
2026/01/29 00:28:19 [notice] 30#30: exit
2026/01/29 00:28:19 [notice] 36#36: exit
2026/01/29 00:28:19 [notice] 37#37: exiting
2026/01/29 00:28:19 [notice] 37#37: exit
2026/01/29 00:28:20 [notice] 1#1: signal 17 (SIGCHLD) received from 37
2026/01/29 00:28:20 [notice] 1#1: worker process 31 exited with code 0
2026/01/29 00:28:20 [notice] 1#1: worker process 32 exited with code 0
2026/01/29 00:28:20 [notice] 1#1: worker process 33 exited with code 0
2026/01/29 00:28:20 [notice] 1#1: worker process 34 exited with code 0
2026/01/29 00:28:20 [notice] 1#1: worker process 30 exited with code 0
2026/01/29 00:28:20 [notice] 1#1: worker process 35 exited with code 0
2026/01/29 00:28:20 [notice] 1#1: worker process 36 exited with code 0
2026/01/29 00:28:20 [notice] 1#1: worker process 37 exited with code 0
2026/01/29 00:28:20 [notice] 1#1: exit
2026/01/29 00:28:39 [notice] 1#1: using the "epoll" event method
2026/01/29 00:28:39 [notice] 1#1: nginx/1.27.5
2026/01/29 00:28:39 [notice] 1#1: built by gcc 14.2.0 (Alpine 14.2.0) 
2026/01/29 00:28:39 [notice] 1#1: OS: Linux 6.6.87.2-microsoft-standard-WSL2
2026/01/29 00:28:39 [notice] 1#1: getrlimit(RLIMIT_NOFILE): 1048576:1048576
2026/01/29 00:28:39 [notice] 1#1: start worker processes
2026/01/29 00:28:39 [notice] 1#1: start worker process 30
2026/01/29 00:28:39 [notice] 1#1: start worker process 31
2026/01/29 00:28:39 [notice] 1#1: start worker process 32
2026/01/29 00:28:39 [notice] 1#1: start worker process 33
2026/01/29 00:28:39 [notice] 1#1: start worker process 34
2026/01/29 00:28:39 [notice] 1#1: start worker process 35
2026/01/29 00:28:39 [notice] 1#1: start worker process 36
2026/01/29 00:28:39 [notice] 1#1: start worker process 37
2026/01/29 00:38:21 [notice] 1#1: signal 3 (SIGQUIT) received, shutting down
2026/01/29 00:38:21 [notice] 34#34: gracefully shutting down
2026/01/29 00:38:21 [notice] 32#32: gracefully shutting down
2026/01/29 00:38:21 [notice] 31#31: gracefully shutting down
2026/01/29 00:38:21 [notice] 33#33: gracefully shutting down
2026/01/29 00:38:21 [notice] 37#37: gracefully shutting down
2026/01/29 00:38:21 [notice] 30#30: gracefully shutting down
2026/01/29 00:38:21 [notice] 35#35: gracefully shutting down
2026/01/29 00:38:21 [notice] 31#31: exiting
2026/01/29 00:38:21 [notice] 36#36: gracefully shutting down
2026/01/29 00:38:21 [notice] 37#37: exiting
2026/01/29 00:38:21 [notice] 33#33: exiting
2026/01/29 00:38:21 [notice] 34#34: exiting
2026/01/29 00:38:21 [notice] 36#36: exiting
2026/01/29 00:38:21 [notice] 32#32: exiting
2026/01/29 00:38:21 [notice] 30#30: exiting
2026/01/29 00:38:21 [notice] 35#35: exiting
2026/01/29 00:38:21 [notice] 32#32: exit
2026/01/29 00:38:21 [notice] 37#37: exit
2026/01/29 00:38:21 [notice] 31#31: exit
2026/01/29 00:38:21 [notice] 30#30: exit
2026/01/29 00:38:21 [notice] 36#36: exit
2026/01/29 00:38:21 [notice] 33#33: exit
2026/01/29 00:38:21 [notice] 35#35: exit
2026/01/29 00:38:21 [notice] 34#34: exit
2026/01/29 00:38:21 [notice] 1#1: signal 17 (SIGCHLD) received from 31
2026/01/29 00:38:21 [notice] 1#1: worker process 30 exited with code 0
2026/01/29 00:38:21 [notice] 1#1: worker process 31 exited with code 0
2026/01/29 00:38:21 [notice] 1#1: worker process 32 exited with code 0
2026/01/29 00:38:21 [notice] 1#1: worker process 33 exited with code 0
2026/01/29 00:38:21 [notice] 1#1: worker process 35 exited with code 0
2026/01/29 00:38:21 [notice] 1#1: worker process 37 exited with code 0
2026/01/29 00:38:21 [notice] 1#1: signal 29 (SIGIO) received
2026/01/29 00:38:21 [notice] 1#1: signal 17 (SIGCHLD) received from 37
2026/01/29 00:38:21 [notice] 1#1: signal 17 (SIGCHLD) received from 36
2026/01/29 00:38:21 [notice] 1#1: worker process 34 exited with code 0
2026/01/29 00:38:21 [notice] 1#1: worker process 36 exited with code 0
2026/01/29 00:38:21 [notice] 1#1: exit
2026/01/29 00:38:31 [notice] 1#1: using the "epoll" event method
2026/01/29 00:38:31 [notice] 1#1: nginx/1.27.5
2026/01/29 00:38:31 [notice] 1#1: built by gcc 14.2.0 (Alpine 14.2.0) 
2026/01/29 00:38:31 [notice] 1#1: OS: Linux 6.6.87.2-microsoft-standard-WSL2
2026/01/29 00:38:31 [notice] 1#1: getrlimit(RLIMIT_NOFILE): 1048576:1048576
2026/01/29 00:38:31 [notice] 1#1: start worker processes
2026/01/29 00:38:31 [notice] 1#1: start worker process 30
2026/01/29 00:38:31 [notice] 1#1: start worker process 31
2026/01/29 00:38:31 [notice] 1#1: start worker process 32
2026/01/29 00:38:31 [notice] 1#1: start worker process 33
2026/01/29 00:38:31 [notice] 1#1: start worker process 34
2026/01/29 00:38:31 [notice] 1#1: start worker process 35
2026/01/29 00:38:31 [notice] 1#1: start worker process 36
2026/01/29 00:38:31 [notice] 1#1: start worker process 37
2026/01/29 00:39:27 [notice] 1#1: signal 3 (SIGQUIT) received, shutting down
2026/01/29 00:39:27 [notice] 31#31: gracefully shutting down
2026/01/29 00:39:27 [notice] 31#31: exiting
2026/01/29 00:39:27 [notice] 30#30: gracefully shutting down
2026/01/29 00:39:27 [notice] 32#32: gracefully shutting down
2026/01/29 00:39:27 [notice] 31#31: exit
2026/01/29 00:39:27 [notice] 33#33: gracefully shutting down
2026/01/29 00:39:27 [notice] 34#34: gracefully shutting down
2026/01/29 00:39:27 [notice] 34#34: exiting
2026/01/29 00:39:27 [notice] 35#35: gracefully shutting down
2026/01/29 00:39:27 [notice] 36#36: gracefully shutting down
2026/01/29 00:39:27 [notice] 37#37: gracefully shutting down
2026/01/29 00:39:27 [notice] 30#30: exiting
2026/01/29 00:39:27 [notice] 30#30: exit
2026/01/29 00:39:27 [notice] 37#37: exiting
2026/01/29 00:39:27 [notice] 32#32: exiting
2026/01/29 00:39:27 [notice] 33#33: exiting
2026/01/29 00:39:27 [notice] 34#34: exit
2026/01/29 00:39:27 [notice] 35#35: exiting
2026/01/29 00:39:27 [notice] 36#36: exiting
2026/01/29 00:39:27 [notice] 37#37: exit
2026/01/29 00:39:27 [notice] 32#32: exit
2026/01/29 00:39:27 [notice] 33#33: exit
2026/01/29 00:39:27 [notice] 35#35: exit
2026/01/29 00:39:27 [notice] 36#36: exit
2026/01/29 00:39:27 [notice] 1#1: signal 17 (SIGCHLD) received from 31
2026/01/29 00:39:27 [notice] 1#1: worker process 31 exited with code 0
2026/01/29 00:39:27 [notice] 1#1: signal 29 (SIGIO) received
2026/01/29 00:39:27 [notice] 1#1: signal 17 (SIGCHLD) received from 30
2026/01/29 00:39:27 [notice] 1#1: worker process 30 exited with code 0
2026/01/29 00:39:27 [notice] 1#1: signal 29 (SIGIO) received
2026/01/29 00:39:27 [notice] 1#1: signal 17 (SIGCHLD) received from 33
2026/01/29 00:39:27 [notice] 1#1: worker process 33 exited with code 0
2026/01/29 00:39:27 [notice] 1#1: signal 29 (SIGIO) received
2026/01/29 00:39:27 [notice] 1#1: signal 17 (SIGCHLD) received from 34
2026/01/29 00:39:27 [notice] 1#1: worker process 34 exited with code 0
2026/01/29 00:39:27 [notice] 1#1: worker process 35 exited with code 0
2026/01/29 00:39:27 [notice] 1#1: worker process 32 exited with code 0
2026/01/29 00:39:27 [notice] 1#1: worker process 37 exited with code 0
2026/01/29 00:39:27 [notice] 1#1: signal 29 (SIGIO) received
2026/01/29 00:39:27 [notice] 1#1: signal 17 (SIGCHLD) received from 35
2026/01/29 00:39:27 [notice] 1#1: signal 17 (SIGCHLD) received from 36
2026/01/29 00:39:27 [notice] 1#1: worker process 36 exited with code 0
2026/01/29 00:39:27 [notice] 1#1: exit
2026/01/29 10:56:13 [notice] 1#1: using the "epoll" event method
2026/01/29 10:56:13 [notice] 1#1: nginx/1.27.5
2026/01/29 10:56:13 [notice] 1#1: built by gcc 14.2.0 (Alpine 14.2.0) 
2026/01/29 10:56:13 [notice] 1#1: OS: Linux 6.6.87.2-microsoft-standard-WSL2
2026/01/29 10:56:13 [notice] 1#1: getrlimit(RLIMIT_NOFILE): 1048576:1048576
2026/01/29 10:56:13 [notice] 1#1: start worker processes
2026/01/29 10:56:13 [notice] 1#1: start worker process 31
2026/01/29 10:56:13 [notice] 1#1: start worker process 32
2026/01/29 10:56:13 [notice] 1#1: start worker process 33
2026/01/29 10:56:13 [notice] 1#1: start worker process 34
2026/01/29 10:56:13 [notice] 1#1: start worker process 35
2026/01/29 10:56:13 [notice] 1#1: start worker process 36
2026/01/29 10:56:13 [notice] 1#1: start worker process 37
2026/01/29 10:56:13 [notice] 1#1: start worker process 38
2026/01/29 11:02:41 [notice] 1#1: signal 3 (SIGQUIT) received, shutting down
2026/01/29 11:02:41 [notice] 31#31: gracefully shutting down
2026/01/29 11:02:41 [notice] 32#32: gracefully shutting down
2026/01/29 11:02:41 [notice] 36#36: gracefully shutting down
2026/01/29 11:02:41 [notice] 37#37: gracefully shutting down
2026/01/29 11:02:41 [notice] 35#35: gracefully shutting down
2026/01/29 11:02:41 [notice] 38#38: gracefully shutting down
2026/01/29 11:02:41 [notice] 33#33: gracefully shutting down
2026/01/29 11:02:41 [notice] 33#33: exiting
2026/01/29 11:02:41 [notice] 32#32: exiting
2026/01/29 11:02:41 [notice] 34#34: gracefully shutting down
2026/01/29 11:02:41 [notice] 32#32: exit
2026/01/29 11:02:41 [notice] 34#34: exiting
2026/01/29 11:02:41 [notice] 31#31: exiting
2026/01/29 11:02:41 [notice] 36#36: exiting
2026/01/29 11:02:41 [notice] 36#36: exit
2026/01/29 11:02:41 [notice] 37#37: exiting
2026/01/29 11:02:41 [notice] 38#38: exiting
2026/01/29 11:02:41 [notice] 33#33: exit
2026/01/29 11:02:41 [notice] 38#38: exit
2026/01/29 11:02:41 [notice] 35#35: exiting
2026/01/29 11:02:41 [notice] 34#34: exit
2026/01/29 11:02:41 [notice] 31#31: exit
2026/01/29 11:02:41 [notice] 37#37: exit
2026/01/29 11:02:41 [notice] 35#35: exit
2026/01/29 11:02:41 [notice] 1#1: signal 17 (SIGCHLD) received from 36
2026/01/29 11:02:41 [notice] 1#1: worker process 36 exited with code 0
2026/01/29 11:02:41 [notice] 1#1: signal 29 (SIGIO) received
2026/01/29 11:02:41 [notice] 1#1: signal 17 (SIGCHLD) received from 38
2026/01/29 11:02:41 [notice] 1#1: worker process 31 exited with code 0
2026/01/29 11:02:41 [notice] 1#1: worker process 32 exited with code 0
2026/01/29 11:02:41 [notice] 1#1: worker process 34 exited with code 0
2026/01/29 11:02:41 [notice] 1#1: worker process 35 exited with code 0
2026/01/29 11:02:41 [notice] 1#1: worker process 33 exited with code 0
2026/01/29 11:02:41 [notice] 1#1: worker process 38 exited with code 0
2026/01/29 11:02:41 [notice] 1#1: signal 29 (SIGIO) received
2026/01/29 11:02:41 [notice] 1#1: signal 17 (SIGCHLD) received from 34
2026/01/29 11:02:41 [notice] 1#1: signal 17 (SIGCHLD) received from 37
2026/01/29 11:02:41 [notice] 1#1: worker process 37 exited with code 0
2026/01/29 11:02:41 [notice] 1#1: exit
2026/01/29 11:02:55 [notice] 1#1: using the "epoll" event method
2026/01/29 11:02:55 [notice] 1#1: nginx/1.27.5
2026/01/29 11:02:55 [notice] 1#1: built by gcc 14.2.0 (Alpine 14.2.0) 
2026/01/29 11:02:55 [notice] 1#1: OS: Linux 6.6.87.2-microsoft-standard-WSL2
2026/01/29 11:02:55 [notice] 1#1: getrlimit(RLIMIT_NOFILE): 1048576:1048576
2026/01/29 11:02:55 [notice] 1#1: start worker processes
2026/01/29 11:02:55 [notice] 1#1: start worker process 30
2026/01/29 11:02:55 [notice] 1#1: start worker process 31
2026/01/29 11:02:55 [notice] 1#1: start worker process 32
2026/01/29 11:02:55 [notice] 1#1: start worker process 33
2026/01/29 11:02:55 [notice] 1#1: start worker process 34
2026/01/29 11:02:55 [notice] 1#1: start worker process 35
2026/01/29 11:02:55 [notice] 1#1: start worker process 36
2026/01/29 11:02:55 [notice] 1#1: start worker process 37
2026/01/29 11:08:05 [notice] 1#1: signal 3 (SIGQUIT) received, shutting down
2026/01/29 11:08:05 [notice] 34#34: gracefully shutting down
2026/01/29 11:08:05 [notice] 37#37: gracefully shutting down
2026/01/29 11:08:05 [notice] 30#30: gracefully shutting down
2026/01/29 11:08:05 [notice] 31#31: gracefully shutting down
2026/01/29 11:08:05 [notice] 37#37: exiting
2026/01/29 11:08:05 [notice] 32#32: gracefully shutting down
2026/01/29 11:08:05 [notice] 33#33: gracefully shutting down
2026/01/29 11:08:05 [notice] 32#32: exiting
2026/01/29 11:08:05 [notice] 35#35: gracefully shutting down
2026/01/29 11:08:05 [notice] 36#36: gracefully shutting down
2026/01/29 11:08:05 [notice] 36#36: exiting
2026/01/29 11:08:05 [notice] 34#34: exiting
2026/01/29 11:08:05 [notice] 35#35: exiting
2026/01/29 11:08:05 [notice] 34#34: exit
2026/01/29 11:08:05 [notice] 31#31: exiting
2026/01/29 11:08:05 [notice] 31#31: exit
2026/01/29 11:08:05 [notice] 33#33: exiting
2026/01/29 11:08:05 [notice] 30#30: exiting
2026/01/29 11:08:05 [notice] 33#33: exit
2026/01/29 11:08:05 [notice] 32#32: exit
2026/01/29 11:08:05 [notice] 37#37: exit
2026/01/29 11:08:05 [notice] 36#36: exit
2026/01/29 11:08:05 [notice] 35#35: exit
2026/01/29 11:08:05 [notice] 30#30: exit
2026/01/29 11:08:05 [notice] 1#1: signal 17 (SIGCHLD) received from 33
2026/01/29 11:08:05 [notice] 1#1: worker process 30 exited with code 0
2026/01/29 11:08:05 [notice] 1#1: worker process 32 exited with code 0
2026/01/29 11:08:05 [notice] 1#1: worker process 31 exited with code 0
2026/01/29 11:08:05 [notice] 1#1: worker process 33 exited with code 0
2026/01/29 11:08:05 [notice] 1#1: worker process 34 exited with code 0
2026/01/29 11:08:05 [notice] 1#1: worker process 35 exited with code 0
2026/01/29 11:08:05 [notice] 1#1: worker process 36 exited with code 0
2026/01/29 11:08:05 [notice] 1#1: worker process 37 exited with code 0
2026/01/29 11:08:05 [notice] 1#1: exit
2026/01/29 11:08:17 [notice] 1#1: using the "epoll" event method
2026/01/29 11:08:17 [notice] 1#1: nginx/1.27.5
2026/01/29 11:08:17 [notice] 1#1: built by gcc 14.2.0 (Alpine 14.2.0) 
2026/01/29 11:08:17 [notice] 1#1: OS: Linux 6.6.87.2-microsoft-standard-WSL2
2026/01/29 11:08:17 [notice] 1#1: getrlimit(RLIMIT_NOFILE): 1048576:1048576
2026/01/29 11:08:17 [notice] 1#1: start worker processes
2026/01/29 11:08:17 [notice] 1#1: start worker process 30
2026/01/29 11:08:17 [notice] 1#1: start worker process 31
2026/01/29 11:08:17 [notice] 1#1: start worker process 32
2026/01/29 11:08:17 [notice] 1#1: start worker process 33
2026/01/29 11:08:17 [notice] 1#1: start worker process 34
2026/01/29 11:08:17 [notice] 1#1: start worker process 35
2026/01/29 11:08:17 [notice] 1#1: start worker process 36
2026/01/29 11:08:17 [notice] 1#1: start worker process 37
2026/01/29 11:09:31 [notice] 1#1: signal 3 (SIGQUIT) received, shutting down
2026/01/29 11:09:31 [notice] 33#33: gracefully shutting down
2026/01/29 11:09:31 [notice] 32#32: gracefully shutting down
2026/01/29 11:09:31 [notice] 31#31: gracefully shutting down
2026/01/29 11:09:31 [notice] 31#31: exiting
2026/01/29 11:09:31 [notice] 34#34: gracefully shutting down
2026/01/29 11:09:31 [notice] 33#33: exiting
2026/01/29 11:09:31 [notice] 35#35: gracefully shutting down
2026/01/29 11:09:31 [notice] 36#36: gracefully shutting down
2026/01/29 11:09:31 [notice] 37#37: gracefully shutting down
2026/01/29 11:09:31 [notice] 37#37: exiting
2026/01/29 11:09:31 [notice] 32#32: exiting
2026/01/29 11:09:31 [notice] 30#30: gracefully shutting down
2026/01/29 11:09:31 [notice] 34#34: exiting
2026/01/29 11:09:31 [notice] 31#31: exit
2026/01/29 11:09:31 [notice] 33#33: exit
2026/01/29 11:09:31 [notice] 35#35: exiting
2026/01/29 11:09:31 [notice] 36#36: exiting
2026/01/29 11:09:31 [notice] 37#37: exit
2026/01/29 11:09:31 [notice] 32#32: exit
2026/01/29 11:09:31 [notice] 30#30: exiting
2026/01/29 11:09:31 [notice] 30#30: exit
2026/01/29 11:09:31 [notice] 34#34: exit
2026/01/29 11:09:31 [notice] 35#35: exit
2026/01/29 11:09:31 [notice] 36#36: exit
2026/01/29 11:09:32 [notice] 1#1: signal 17 (SIGCHLD) received from 33
2026/01/29 11:09:32 [notice] 1#1: worker process 30 exited with code 0
2026/01/29 11:09:32 [notice] 1#1: worker process 31 exited with code 0
2026/01/29 11:09:32 [notice] 1#1: worker process 32 exited with code 0
2026/01/29 11:09:32 [notice] 1#1: worker process 33 exited with code 0
2026/01/29 11:09:32 [notice] 1#1: worker process 35 exited with code 0
2026/01/29 11:09:32 [notice] 1#1: worker process 37 exited with code 0
2026/01/29 11:09:32 [notice] 1#1: signal 29 (SIGIO) received
2026/01/29 11:09:32 [notice] 1#1: signal 17 (SIGCHLD) received from 31
2026/01/29 11:09:32 [notice] 1#1: signal 17 (SIGCHLD) received from 36
2026/01/29 11:09:32 [notice] 1#1: worker process 34 exited with code 0
2026/01/29 11:09:32 [notice] 1#1: worker process 36 exited with code 0
2026/01/29 11:09:32 [notice] 1#1: exit
2026/01/29 11:36:00 [notice] 1#1: using the "epoll" event method
2026/01/29 11:36:00 [notice] 1#1: nginx/1.27.5
2026/01/29 11:36:00 [notice] 1#1: built by gcc 14.2.0 (Alpine 14.2.0) 
2026/01/29 11:36:00 [notice] 1#1: OS: Linux 6.6.87.2-microsoft-standard-WSL2
2026/01/29 11:36:00 [notice] 1#1: getrlimit(RLIMIT_NOFILE): 1048576:1048576
2026/01/29 11:36:00 [notice] 1#1: start worker processes
2026/01/29 11:36:00 [notice] 1#1: start worker process 30
2026/01/29 11:36:00 [notice] 1#1: start worker process 31
2026/01/29 11:36:00 [notice] 1#1: start worker process 32
2026/01/29 11:36:00 [notice] 1#1: start worker process 33
2026/01/29 11:36:00 [notice] 1#1: start worker process 34
2026/01/29 11:36:00 [notice] 1#1: start worker process 35
2026/01/29 11:36:00 [notice] 1#1: start worker process 36
2026/01/29 11:36:00 [notice] 1#1: start worker process 37
2026/01/29 11:57:45 [notice] 1#1: signal 3 (SIGQUIT) received, shutting down
2026/01/29 11:57:45 [notice] 31#31: gracefully shutting down
2026/01/29 11:57:45 [notice] 33#33: gracefully shutting down
2026/01/29 11:57:45 [notice] 30#30: gracefully shutting down
2026/01/29 11:57:45 [notice] 32#32: gracefully shutting down
2026/01/29 11:57:45 [notice] 37#37: gracefully shutting down
2026/01/29 11:57:45 [notice] 34#34: gracefully shutting down
2026/01/29 11:57:45 [notice] 35#35: gracefully shutting down
2026/01/29 11:57:45 [notice] 34#34: exiting
2026/01/29 11:57:45 [notice] 33#33: exiting
2026/01/29 11:57:45 [notice] 36#36: gracefully shutting down
2026/01/29 11:57:45 [notice] 32#32: exiting
2026/01/29 11:57:45 [notice] 36#36: exiting
2026/01/29 11:57:45 [notice] 34#34: exit
2026/01/29 11:57:45 [notice] 31#31: exiting
2026/01/29 11:57:45 [notice] 37#37: exiting
2026/01/29 11:57:45 [notice] 35#35: exiting
2026/01/29 11:57:45 [notice] 30#30: exiting
2026/01/29 11:57:45 [notice] 33#33: exit
2026/01/29 11:57:45 [notice] 37#37: exit
2026/01/29 11:57:45 [notice] 32#32: exit
2026/01/29 11:57:45 [notice] 36#36: exit
2026/01/29 11:57:45 [notice] 31#31: exit
2026/01/29 11:57:45 [notice] 35#35: exit
2026/01/29 11:57:45 [notice] 30#30: exit
2026/01/29 11:57:45 [notice] 1#1: signal 17 (SIGCHLD) received from 32
2026/01/29 11:57:45 [notice] 1#1: worker process 32 exited with code 0
2026/01/29 11:57:45 [notice] 1#1: worker process 33 exited with code 0
2026/01/29 11:57:45 [notice] 1#1: worker process 34 exited with code 0
2026/01/29 11:57:45 [notice] 1#1: worker process 35 exited with code 0
2026/01/29 11:57:45 [notice] 1#1: worker process 36 exited with code 0
2026/01/29 11:57:45 [notice] 1#1: worker process 37 exited with code 0
2026/01/29 11:57:45 [notice] 1#1: signal 29 (SIGIO) received
2026/01/29 11:57:45 [notice] 1#1: signal 17 (SIGCHLD) received from 35
2026/01/29 11:57:45 [notice] 1#1: worker process 31 exited with code 0
2026/01/29 11:57:45 [notice] 1#1: signal 29 (SIGIO) received
2026/01/29 11:57:45 [notice] 1#1: signal 17 (SIGCHLD) received from 31
2026/01/29 11:57:45 [notice] 1#1: worker process 30 exited with code 0
2026/01/29 11:57:45 [notice] 1#1: exit
2026/01/29 11:58:01 [notice] 1#1: using the "epoll" event method
2026/01/29 11:58:01 [notice] 1#1: nginx/1.27.5
2026/01/29 11:58:01 [notice] 1#1: built by gcc 14.2.0 (Alpine 14.2.0) 
2026/01/29 11:58:01 [notice] 1#1: OS: Linux 6.6.87.2-microsoft-standard-WSL2
2026/01/29 11:58:01 [notice] 1#1: getrlimit(RLIMIT_NOFILE): 1048576:1048576
2026/01/29 11:58:01 [notice] 1#1: start worker processes
2026/01/29 11:58:01 [notice] 1#1: start worker process 30
2026/01/29 11:58:01 [notice] 1#1: start worker process 31
2026/01/29 11:58:01 [notice] 1#1: start worker process 32
2026/01/29 11:58:01 [notice] 1#1: start worker process 33
2026/01/29 11:58:01 [notice] 1#1: start worker process 34
2026/01/29 11:58:01 [notice] 1#1: start worker process 35
2026/01/29 11:58:01 [notice] 1#1: start worker process 36
2026/01/29 11:58:01 [notice] 1#1: start worker process 37
